<?xml version="1.0" encoding="UTF-8"?>
<!-- Generated by org.testng.reporters.JUnitXMLReporter -->
<testsuite ignored="2" hostname="DESKTOP-G0L57B3" failures="0" tests="1" name="Test" time="0.059" errors="0" timestamp="2022-03-29T22:20:40 IST">
  <testcase classname="com.TestNG.TestNG_3" name="test2" time="0.008"/>
  <testcase classname="com.TestNG.TestNG_3" name="test1" time="0.0">
    <ignored/>
  </testcase> <!-- test1 -->
  <testcase classname="com.TestNG.TestNG_3" name="test3" time="0.0">
    <ignored/>
  </testcase> <!-- test3 -->
</testsuite> <!-- Test -->
