<?xml version="1.0" encoding="UTF-8"?>
<testng-results ignored="0" total="1" passed="1" failed="0" skipped="0">
  <reporter-output>
  </reporter-output>
  <suite started-at="2022-04-02T11:05:02 IST" name="Default suite" finished-at="2022-04-02T11:05:17 IST" duration-ms="15465">
    <groups>
    </groups>
    <test started-at="2022-04-02T11:05:02 IST" name="Default test" finished-at="2022-04-02T11:05:17 IST" duration-ms="15465">
      <class name="com.LoginPom.Test_01">
        <test-method is-config="true" signature="BM()[pri:0, instance:com.LoginPom.Test_01@2f217633]" started-at="2022-04-02T11:05:02 IST" name="BM" finished-at="2022-04-02T11:05:16 IST" duration-ms="14315" status="PASS">
          <reporter-output>
          </reporter-output>
        </test-method> <!-- BM -->
        <test-method signature="testLoginPage()[pri:0, instance:com.LoginPom.Test_01@2f217633]" started-at="2022-04-02T11:05:16 IST" name="testLoginPage" finished-at="2022-04-02T11:05:17 IST" duration-ms="643" status="PASS">
          <reporter-output>
          </reporter-output>
        </test-method> <!-- testLoginPage -->
        <test-method is-config="true" signature="AM()[pri:0, instance:com.LoginPom.Test_01@2f217633]" started-at="2022-04-02T11:05:17 IST" name="AM" finished-at="2022-04-02T11:05:17 IST" duration-ms="454" status="PASS">
          <reporter-output>
          </reporter-output>
        </test-method> <!-- AM -->
      </class> <!-- com.LoginPom.Test_01 -->
    </test> <!-- Default test -->
  </suite> <!-- Default suite -->
</testng-results>
