<?xml version="1.0" encoding="UTF-8"?>
<!-- Generated by org.testng.reporters.JUnitXMLReporter -->
<testsuite ignored="2" hostname="DESKTOP-G0L57B3" failures="0" tests="2" name="SanityTest" time="0.052" errors="0" timestamp="2022-03-28T10:01:47 IST">
  <testcase classname="com.TestNG.TestNG_2" name="m2" time="0.008"/>
  <testcase classname="com.TestNG.TestNG_2" name="m3" time="0.001"/>
  <testcase classname="com.TestNG.TestNG_2" name="m1" time="0.0">
    <ignored/>
  </testcase> <!-- m1 -->
  <testcase classname="com.TestNG.TestNG_2" name="m4" time="0.0">
    <ignored/>
  </testcase> <!-- m4 -->
</testsuite> <!-- SanityTest -->
